{
  "RSpec": {
    "coverage": {
      "/Users/vutoan/code/ruby/groupproject/foodsharing/app/controllers/comments_controller.rb": [
        1,
        1,
        1,
        null,
        1,
        0,
        null,
        0,
        null,
        null,
        0,
        0,
        0,
        null,
        null,
        null,
        1,
        0,
        0,
        0,
        null,
        null,
        null,
        null,
        1,
        0,
        null,
        null,
        null,
        null,
        null
      ],
      "/Users/vutoan/code/ruby/groupproject/foodsharing/app/controllers/application_controller.rb": [
        1,
        1,
        1,
        0,
        null,
        null,
        null
      ],
      "/Users/vutoan/code/ruby/groupproject/foodsharing/spec/controllers/cook_books_controller_spec.rb": [
        1,
        null,
        1,
        null,
        1,
        1,
        1,
        1,
        null,
        null,
        null,
        null
      ],
      "/Users/vutoan/code/ruby/groupproject/foodsharing/app/controllers/cook_books_controller.rb": [
        null,
        1,
        1,
        1,
        1,
        1,
        1,
        1,
        1,
        1,
        1,
        null,
        null,
        null,
        1,
        null,
        1,
        1,
        0,
        null,
        1,
        null,
        1,
        0,
        0,
        0,
        0,
        null,
        null,
        null,
        null
      ],
      "/Users/vutoan/code/ruby/groupproject/foodsharing/spec/controllers/instructions_controller_spec.rb": [
        1,
        null,
        1,
        null,
        1,
        1,
        1,
        1,
        null,
        null,
        null,
        1,
        1,
        1,
        1,
        null,
        null,
        null,
        1,
        1,
        1,
        1,
        null,
        null,
        null,
        null
      ],
      "/Users/vutoan/code/ruby/groupproject/foodsharing/app/controllers/instructions_controller.rb": [
        null,
        1,
        1,
        null,
        null,
        1,
        null,
        null,
        1,
        null,
        null
      ],
      "/Users/vutoan/code/ruby/groupproject/foodsharing/spec/controllers/menus_controller_spec.rb": [
        1,
        null,
        1,
        null,
        1,
        1,
        1,
        1,
        null,
        null,
        null,
        null
      ],
      "/Users/vutoan/code/ruby/groupproject/foodsharing/app/controllers/menus_controller.rb": [
        1,
        1,
        null,
        null
      ],
      "/Users/vutoan/code/ruby/groupproject/foodsharing/spec/controllers/short_lists_controller_spec.rb": [
        1,
        null,
        1,
        null
      ],
      "/Users/vutoan/code/ruby/groupproject/foodsharing/app/controllers/short_lists_controller.rb": [
        null,
        1,
        1,
        null,
        1,
        0,
        0,
        0,
        0,
        0,
        null,
        0,
        null,
        0,
        0,
        0,
        null,
        null,
        null,
        1,
        null,
        null
      ],
      "/Users/vutoan/code/ruby/groupproject/foodsharing/spec/controllers/users/profiles_controller_spec.rb": [
        1,
        null,
        1,
        null
      ],
      "/Users/vutoan/code/ruby/groupproject/foodsharing/app/controllers/users/profiles_controller.rb": [
        null,
        1,
        1,
        null,
        1,
        0,
        0,
        null,
        null
      ],
      "/Users/vutoan/code/ruby/groupproject/foodsharing/spec/helpers/comments_helper_spec.rb": [
        1,
        null,
        null,
        null,
        null,
        null,
        null,
        null,
        null,
        null,
        null,
        null,
        1,
        1,
        null
      ],
      "/Users/vutoan/code/ruby/groupproject/foodsharing/spec/helpers/cook_books_helper_spec.rb": [
        1,
        null,
        null,
        null,
        null,
        null,
        null,
        null,
        null,
        null,
        null,
        null,
        1,
        1,
        null
      ],
      "/Users/vutoan/code/ruby/groupproject/foodsharing/spec/helpers/instructions_helper_spec.rb": [
        1,
        null,
        null,
        null,
        null,
        null,
        null,
        null,
        null,
        null,
        null,
        null,
        1,
        1,
        null
      ],
      "/Users/vutoan/code/ruby/groupproject/foodsharing/spec/helpers/menus_helper_spec.rb": [
        1,
        null,
        null,
        null,
        null,
        null,
        null,
        null,
        null,
        null,
        null,
        null,
        1,
        1,
        null
      ],
      "/Users/vutoan/code/ruby/groupproject/foodsharing/spec/helpers/short_lists_helper_spec.rb": [
        1,
        null,
        null,
        null,
        null,
        null,
        null,
        null,
        null,
        null,
        null,
        null,
        1,
        1,
        null
      ],
      "/Users/vutoan/code/ruby/groupproject/foodsharing/spec/helpers/users/profiles_helper_spec.rb": [
        1,
        null,
        null,
        null,
        null,
        null,
        null,
        null,
        null,
        null,
        null,
        null,
        1,
        1,
        null
      ],
      "/Users/vutoan/code/ruby/groupproject/foodsharing/spec/mailers/user_mailer_spec.rb": [
        1,
        null,
        1,
        1,
        null
      ],
      "/Users/vutoan/code/ruby/groupproject/foodsharing/app/mailers/user_mailer.rb": [
        1,
        1,
        null,
        1,
        0,
        0,
        0,
        null,
        null
      ],
      "/Users/vutoan/code/ruby/groupproject/foodsharing/app/mailers/application_mailer.rb": [
        1,
        1,
        1,
        null
      ],
      "/Users/vutoan/code/ruby/groupproject/foodsharing/spec/models/main_ingredient_spec.rb": [
        null,
        null,
        null,
        null,
        null,
        null,
        null,
        null,
        null,
        null,
        1,
        null,
        1,
        1,
        null
      ],
      "/Users/vutoan/code/ruby/groupproject/foodsharing/app/models/main_ingredient.rb": [
        null,
        null,
        null,
        null,
        null,
        null,
        null,
        null,
        null,
        null,
        1,
        1,
        null
      ],
      "/Users/vutoan/code/ruby/groupproject/foodsharing/spec/models/season_spec.rb": [
        null,
        null,
        null,
        null,
        null,
        null,
        null,
        null,
        null,
        null,
        1,
        null,
        1,
        1,
        null
      ],
      "/Users/vutoan/code/ruby/groupproject/foodsharing/app/models/season.rb": [
        null,
        null,
        null,
        null,
        null,
        null,
        null,
        null,
        null,
        null,
        1,
        1,
        null
      ],
      "/Users/vutoan/code/ruby/groupproject/foodsharing/spec/models/short_list_spec.rb": [
        1,
        null,
        1,
        1,
        null
      ],
      "/Users/vutoan/code/ruby/groupproject/foodsharing/app/models/short_list.rb": [
        1,
        1,
        1,
        null
      ],
      "/Users/vutoan/code/ruby/groupproject/foodsharing/spec/views/comments/create.html.erb_spec.rb": [
        1,
        null,
        1,
        1,
        null
      ],
      "/Users/vutoan/code/ruby/groupproject/foodsharing/spec/views/cook_books/index.html.erb_spec.rb": [
        1,
        null,
        1,
        1,
        null
      ],
      "/Users/vutoan/code/ruby/groupproject/foodsharing/spec/views/instructions/create.html.erb_spec.rb": [
        1,
        null,
        1,
        1,
        null
      ],
      "/Users/vutoan/code/ruby/groupproject/foodsharing/spec/views/instructions/new.html.erb_spec.rb": [
        1,
        null,
        1,
        1,
        null
      ],
      "/Users/vutoan/code/ruby/groupproject/foodsharing/spec/views/instructions/show.html.erb_spec.rb": [
        1,
        null,
        1,
        1,
        null
      ],
      "/Users/vutoan/code/ruby/groupproject/foodsharing/spec/views/menus/index.html.erb_spec.rb": [
        1,
        null,
        1,
        1,
        null
      ],
      "/Users/vutoan/code/ruby/groupproject/foodsharing/spec/views/short_lists/create.html.erb_spec.rb": [
        1,
        null,
        1,
        1,
        null
      ],
      "/Users/vutoan/code/ruby/groupproject/foodsharing/spec/views/short_lists/destroy.html.erb_spec.rb": [
        1,
        null,
        1,
        1,
        null
      ],
      "/Users/vutoan/code/ruby/groupproject/foodsharing/spec/views/users/profiles/show.html.erb_spec.rb": [
        1,
        null,
        1,
        1,
        null
      ],
      "/Users/vutoan/code/ruby/groupproject/foodsharing/app/models/recipe.rb": [
        null,
        null,
        null,
        null,
        null,
        null,
        null,
        null,
        null,
        null,
        null,
        null,
        null,
        null,
        null,
        null,
        null,
        null,
        null,
        null,
        null,
        null,
        null,
        null,
        null,
        1,
        1,
        1,
        1,
        1,
        1,
        1,
        1,
        1,
        1,
        1,
        null,
        1,
        1,
        null,
        1,
        0,
        null,
        null,
        1,
        null,
        0,
        0,
        0,
        null,
        0,
        null,
        0,
        null,
        null,
        0,
        0,
        null,
        0,
        null,
        null,
        null,
        0,
        0,
        null,
        0,
        null,
        null,
        null,
        1,
        0,
        0,
        null,
        null,
        1,
        1,
        1,
        1,
        1,
        null
      ],
      "/Users/vutoan/code/ruby/groupproject/foodsharing/app/models/country.rb": [
        null,
        null,
        null,
        null,
        null,
        null,
        null,
        null,
        null,
        null,
        1,
        1,
        null
      ]
    },
    "timestamp": 1480402685
  }
}
